[2025-05-15 22:55:04,554][app][MiraLog 147] msg_type: progress content: 正在识别意图...
[2025-05-15 22:55:05,988][app][MiraLog 147] msg_type: chat content: 你好
[2025-05-15 22:55:05,993][app][MiraLog 147] msg_type: chat content: 你好！
[2025-05-15 22:55:06,020][app][MiraLog 147] msg_type: chat content: 你好！很高兴
[2025-05-15 22:55:06,075][app][MiraLog 147] msg_type: chat content: 你好！很高兴为你提供帮助。
[2025-05-15 22:55:06,155][app][MiraLog 147] msg_type: chat content: 你好！很高兴为你提供帮助。有什么问题或需要
[2025-05-15 22:55:06,275][app][MiraLog 147] msg_type: chat content: 你好！很高兴为你提供帮助。有什么问题或需要解答的吗？
[2025-05-15 22:56:04,257][app][MiraLog 147] msg_type: progress content: 正在识别意图...
[2025-05-15 22:56:05,285][app][MiraLog 147] msg_type: chat content: 当然
[2025-05-15 22:56:05,310][app][MiraLog 147] msg_type: chat content: 当然可以
[2025-05-15 22:56:05,317][app][MiraLog 147] msg_type: chat content: 当然可以，
[2025-05-15 22:56:05,383][app][MiraLog 147] msg_type: chat content: 当然可以，这里有一个化妆方面的
[2025-05-15 22:56:05,477][app][MiraLog 147] msg_type: chat content: 当然可以，这里有一个化妆方面的笑话供你一笑
[2025-05-15 22:56:05,620][app][MiraLog 147] msg_type: chat content: 当然可以，这里有一个化妆方面的笑话供你一笑：

为什么化妆师
[2025-05-15 22:56:05,654][app][MiraLog 147] msg_type: chat content: 当然可以，这里有一个化妆方面的笑话供你一笑：

为什么化妆师总是喜欢在镜子
[2025-05-15 22:56:06,084][app][MiraLog 147] msg_type: chat content: 当然可以，这里有一个化妆方面的笑话供你一笑：

为什么化妆师总是喜欢在镜子前工作？

因为他们
[2025-05-15 22:56:06,144][app][MiraLog 147] msg_type: chat content: 当然可以，这里有一个化妆方面的笑话供你一笑：

为什么化妆师总是喜欢在镜子前工作？

因为他们需要“镜”
[2025-05-15 22:56:06,235][app][MiraLog 147] msg_type: chat content: 当然可以，这里有一个化妆方面的笑话供你一笑：

为什么化妆师总是喜欢在镜子前工作？

因为他们需要“镜”像思维来确保
[2025-05-15 22:56:06,324][app][MiraLog 147] msg_type: chat content: 当然可以，这里有一个化妆方面的笑话供你一笑：

为什么化妆师总是喜欢在镜子前工作？

因为他们需要“镜”像思维来确保妆容的完美
[2025-05-15 22:56:06,445][app][MiraLog 147] msg_type: chat content: 当然可以，这里有一个化妆方面的笑话供你一笑：

为什么化妆师总是喜欢在镜子前工作？

因为他们需要“镜”像思维来确保妆容的完美对称！

希望
[2025-05-15 22:56:06,505][app][MiraLog 147] msg_type: chat content: 当然可以，这里有一个化妆方面的笑话供你一笑：

为什么化妆师总是喜欢在镜子前工作？

因为他们需要“镜”像思维来确保妆容的完美对称！

希望这个笑话能让你
[2025-05-15 22:56:06,584][app][MiraLog 147] msg_type: chat content: 当然可以，这里有一个化妆方面的笑话供你一笑：

为什么化妆师总是喜欢在镜子前工作？

因为他们需要“镜”像思维来确保妆容的完美对称！

希望这个笑话能让你会心一笑。
[2025-05-15 22:56:06,675][app][MiraLog 147] msg_type: chat content: 当然可以，这里有一个化妆方面的笑话供你一笑：

为什么化妆师总是喜欢在镜子前工作？

因为他们需要“镜”像思维来确保妆容的完美对称！

希望这个笑话能让你会心一笑。如果你有其他问题
[2025-05-15 22:56:06,805][app][MiraLog 147] msg_type: chat content: 当然可以，这里有一个化妆方面的笑话供你一笑：

为什么化妆师总是喜欢在镜子前工作？

因为他们需要“镜”像思维来确保妆容的完美对称！

希望这个笑话能让你会心一笑。如果你有其他问题或需要更多笑话
[2025-05-15 22:56:06,854][app][MiraLog 147] msg_type: chat content: 当然可以，这里有一个化妆方面的笑话供你一笑：

为什么化妆师总是喜欢在镜子前工作？

因为他们需要“镜”像思维来确保妆容的完美对称！

希望这个笑话能让你会心一笑。如果你有其他问题或需要更多笑话，请随时告诉我！
[2025-05-15 22:57:14,538][app][MiraLog 147] msg_type: progress content: 正在识别意图...
[2025-05-15 22:57:15,537][app][MiraLog 147] msg_type: progress content: 已提取最佳人脸图片，准备分析肤质...
[2025-05-15 22:57:15,593][app][MiraLog 147] msg_type: progress content: 肤质分析结果：{'moisture': 80, 'oiliness': 30, 'wrinkle': 10}
[2025-05-15 22:57:15,642][app][MiraLog 147] msg_type: structure content: 你的皮肤水润，油脂分泌适中，细纹较少。
